03/25/2023 08:04:59 PM - INFO : Browser launched
03/25/2023 08:15:32 PM - INFO : Browser launched
03/25/2023 08:24:33 PM - INFO : Browser launched
03/25/2023 08:29:31 PM - INFO : Browser launched
03/25/2023 08:44:42 PM - INFO - get_driver : Browser launched
03/25/2023 09:39:16 PM - INFO - __init__ : Element
03/25/2023 09:41:03 PM - INFO - __init__ : Element
03/25/2023 09:43:11 PM - INFO - BaseDriver : Element
03/26/2023 10:20:24 AM - INFO - BaseDriver : Element
03/26/2023 10:24:02 AM - INFO - BaseDriver : Element
03/26/2023 10:27:24 AM - INFO - BasePage : Element
03/26/2023 10:27:25 AM - INFO - BasePage : Element
03/26/2023 10:27:25 AM - INFO - BasePage : Element
03/26/2023 10:28:16 AM - INFO - BasePage : Element
03/26/2023 10:28:17 AM - INFO - BasePage : Element
03/26/2023 10:28:17 AM - INFO - BasePage : Element
03/26/2023 10:28:17 AM - INFO - BasePage : Element
03/26/2023 10:28:36 AM - INFO - BasePage : Element
03/26/2023 10:28:36 AM - INFO - BasePage : Element
03/26/2023 10:28:36 AM - INFO - BasePage : Element
03/26/2023 10:28:36 AM - INFO - BasePage : Element
03/26/2023 10:32:26 AM - INFO - BasePage : Element
03/26/2023 10:32:26 AM - INFO - BasePage : Element
03/26/2023 10:32:26 AM - INFO - BasePage : Element
03/26/2023 10:32:26 AM - INFO - BasePage : Element
03/26/2023 10:33:54 AM - INFO - BasePage : Element
03/26/2023 10:33:54 AM - INFO - BasePage : Element
03/26/2023 10:33:54 AM - INFO - BasePage : Element
03/26/2023 10:33:54 AM - INFO - BasePage : Element
03/26/2023 10:33:54 AM - INFO - BasePage : Element
03/26/2023 10:33:54 AM - INFO - BasePage : Element
03/26/2023 10:33:54 AM - INFO - BasePage : Element
03/26/2023 10:33:54 AM - INFO - BasePage : Element
03/26/2023 10:34:41 AM - INFO - BasePage : Element
03/26/2023 10:34:41 AM - INFO - BasePage : Element
03/26/2023 10:34:41 AM - INFO - BasePage : Element
03/26/2023 10:34:41 AM - INFO - BasePage : Element
03/26/2023 10:34:42 AM - INFO - BasePage : Element
03/26/2023 10:34:42 AM - INFO - BasePage : Element
03/26/2023 10:34:42 AM - INFO - BasePage : Element
03/26/2023 10:34:42 AM - INFO - BasePage : Element
03/26/2023 10:35:20 AM - INFO - BasePage : Element
03/26/2023 10:35:20 AM - INFO - BasePage : Element
03/26/2023 10:35:20 AM - INFO - BasePage : Element
03/26/2023 10:35:20 AM - INFO - BasePage : Element
03/26/2023 10:35:20 AM - INFO - BasePage : Element
03/26/2023 10:35:20 AM - INFO - BasePage : Element
03/26/2023 10:35:20 AM - INFO - BasePage : Element
03/26/2023 10:35:20 AM - INFO - BasePage : Element
03/26/2023 10:36:12 AM - INFO - BasePage : Element
03/26/2023 10:36:12 AM - INFO - BasePage : Element
03/26/2023 10:36:12 AM - INFO - BasePage : Element
03/26/2023 10:36:12 AM - INFO - BasePage : Element
03/26/2023 10:37:27 AM - INFO - BasePage : Element
03/26/2023 10:37:27 AM - INFO - BasePage : Element
03/26/2023 10:37:27 AM - INFO - BasePage : Element
03/26/2023 10:37:27 AM - INFO - BasePage : Element
03/26/2023 10:37:27 AM - INFO - BasePage : Element
03/26/2023 10:37:27 AM - INFO - BasePage : Element
03/26/2023 10:37:27 AM - INFO - BasePage : Element
03/26/2023 10:37:27 AM - INFO - BasePage : Element
03/26/2023 10:38:27 AM - INFO - BasePage : Element
03/26/2023 10:38:27 AM - INFO - BasePage : Element
03/26/2023 10:38:27 AM - INFO - BasePage : Element
03/26/2023 10:38:27 AM - INFO - BasePage : Element
03/26/2023 10:38:37 AM - INFO - BasePage : Element
03/26/2023 10:38:37 AM - INFO - BasePage : Element
03/26/2023 10:38:37 AM - INFO - BasePage : Element
03/26/2023 10:38:37 AM - INFO - BasePage : Element
03/26/2023 10:39:09 AM - INFO - BasePage : Element
03/26/2023 10:39:09 AM - INFO - BasePage : Element
03/26/2023 10:39:09 AM - INFO - BasePage : Element
03/26/2023 10:39:09 AM - INFO - BasePage : Element
03/26/2023 10:39:09 AM - INFO - BasePage : Element
03/26/2023 10:39:09 AM - INFO - BasePage : Element
03/26/2023 10:39:09 AM - INFO - BasePage : Element
03/26/2023 10:39:10 AM - INFO - BasePage : Element
03/26/2023 10:46:08 AM - INFO - BasePage : Element
03/26/2023 10:46:08 AM - INFO - BasePage : Element
03/26/2023 10:46:09 AM - INFO - BasePage : Element
03/26/2023 10:46:09 AM - INFO - BasePage : Element
03/26/2023 10:46:09 AM - INFO - BasePage : Element
03/26/2023 10:46:09 AM - INFO - BasePage : Element
03/26/2023 10:46:09 AM - INFO - BasePage : Element
03/26/2023 10:46:09 AM - INFO - BasePage : Element
03/26/2023 10:47:24 AM - INFO - BasePage : Element
03/26/2023 10:47:24 AM - INFO - BasePage : Element
03/26/2023 10:47:24 AM - INFO - BasePage : Element
03/26/2023 10:47:24 AM - INFO - BasePage : Element
03/26/2023 10:47:24 AM - INFO - BasePage : Element
03/26/2023 10:47:24 AM - INFO - BasePage : Element
03/26/2023 10:47:25 AM - INFO - BasePage : Element
03/26/2023 10:47:25 AM - INFO - BasePage : Element
03/26/2023 01:25:38 PM - INFO - BasePage : Element
03/26/2023 01:25:38 PM - INFO - BasePage : Element
03/26/2023 01:25:38 PM - INFO - BasePage : Element
03/26/2023 01:25:38 PM - INFO - BasePage : Element
03/26/2023 01:25:38 PM - INFO - BasePage : Element
03/26/2023 01:25:38 PM - INFO - BasePage : Element
03/26/2023 01:25:38 PM - INFO - BasePage : Element
03/26/2023 01:25:38 PM - INFO - BasePage : Element
03/26/2023 01:25:38 PM - INFO - BasePage : Element
03/26/2023 01:25:39 PM - INFO - BasePage : Element
03/26/2023 01:25:39 PM - INFO - BasePage : Element
03/26/2023 01:25:39 PM - INFO - BasePage : Element
03/26/2023 01:25:39 PM - INFO - BasePage : Element
03/26/2023 01:25:39 PM - INFO - BasePage : Element
03/26/2023 01:25:39 PM - INFO - BasePage : Element
03/26/2023 01:25:39 PM - INFO - BasePage : Element
03/26/2023 01:25:39 PM - INFO - BasePage : Element
03/26/2023 01:25:39 PM - INFO - BasePage : Element
03/26/2023 01:25:39 PM - INFO - BasePage : Element
03/26/2023 01:25:40 PM - INFO - BasePage : Element
03/26/2023 01:32:52 PM - INFO - BasePage : Element
03/26/2023 01:32:52 PM - INFO - BasePage : Element
03/26/2023 01:32:52 PM - INFO - BasePage : Element
03/26/2023 01:32:52 PM - INFO - BasePage : Element
03/26/2023 01:32:52 PM - INFO - BasePage : Element
03/26/2023 01:32:52 PM - INFO - BasePage : Element
03/26/2023 01:32:52 PM - INFO - BasePage : Element
03/26/2023 01:32:52 PM - INFO - BasePage : Element
03/26/2023 01:32:53 PM - INFO - BasePage : Element
03/26/2023 01:32:53 PM - INFO - BasePage : Element
03/26/2023 01:32:53 PM - INFO - BasePage : Element
03/26/2023 01:32:53 PM - INFO - BasePage : Element
03/26/2023 01:32:53 PM - INFO - BasePage : Element
03/26/2023 01:32:53 PM - INFO - BasePage : Element
03/26/2023 01:32:53 PM - INFO - BasePage : Element
03/26/2023 01:32:53 PM - INFO - BasePage : Element
03/26/2023 01:32:54 PM - INFO - BasePage : Element
03/26/2023 01:32:54 PM - INFO - BasePage : Element
03/26/2023 01:32:54 PM - INFO - BasePage : Element
03/26/2023 01:32:54 PM - INFO - BasePage : Element
03/26/2023 01:37:40 PM - INFO - BasePage : Element
03/26/2023 01:37:40 PM - INFO - BasePage : Element
03/26/2023 01:37:41 PM - INFO - BasePage : Element
03/26/2023 01:37:41 PM - INFO - BasePage : Element
03/26/2023 01:37:41 PM - INFO - BasePage : Element
03/26/2023 01:37:41 PM - INFO - BasePage : Element
03/26/2023 01:37:41 PM - INFO - BasePage : Element
03/26/2023 01:37:41 PM - INFO - BasePage : Element
03/26/2023 01:37:41 PM - INFO - BasePage : Element
03/26/2023 01:37:41 PM - INFO - BasePage : Element
03/26/2023 01:37:41 PM - INFO - BasePage : Element
03/26/2023 01:37:42 PM - INFO - BasePage : Element
03/26/2023 01:37:42 PM - INFO - BasePage : Element
03/26/2023 01:37:42 PM - INFO - BasePage : Element
03/26/2023 01:37:42 PM - INFO - BasePage : Element
03/26/2023 01:37:42 PM - INFO - BasePage : Element
03/26/2023 01:37:42 PM - INFO - BasePage : Element
03/26/2023 01:37:42 PM - INFO - BasePage : Element
03/26/2023 01:37:42 PM - INFO - BasePage : Element
03/26/2023 01:37:42 PM - INFO - BasePage : Element
03/26/2023 01:58:25 PM - INFO - BasePage : Element
03/26/2023 01:58:25 PM - INFO - BasePage : Element
03/26/2023 01:58:25 PM - INFO - BasePage : Element
03/26/2023 01:58:25 PM - INFO - BasePage : Element
03/26/2023 01:58:25 PM - INFO - BasePage : Element
03/26/2023 01:58:25 PM - INFO - BasePage : Element
03/26/2023 01:58:25 PM - INFO - BasePage : Element
03/26/2023 01:58:25 PM - INFO - BasePage : Element
03/26/2023 01:58:25 PM - INFO - BasePage : Element
03/26/2023 01:58:26 PM - INFO - BasePage : Element
03/26/2023 01:58:26 PM - INFO - BasePage : Element
03/26/2023 01:58:26 PM - INFO - BasePage : Element
03/26/2023 01:58:26 PM - INFO - BasePage : Element
03/26/2023 01:58:26 PM - INFO - BasePage : Element
03/26/2023 01:58:27 PM - INFO - BasePage : Element
03/26/2023 01:58:27 PM - INFO - BasePage : Element
03/26/2023 01:58:27 PM - INFO - BasePage : Element
03/26/2023 01:58:27 PM - INFO - BasePage : Element
03/26/2023 01:58:27 PM - INFO - BasePage : Element
03/26/2023 01:58:27 PM - INFO - BasePage : Element
03/26/2023 01:58:27 PM - INFO - BasePage : Element
03/26/2023 01:58:27 PM - INFO - BasePage : Element
03/26/2023 01:58:27 PM - INFO - BasePage : Element
03/26/2023 01:58:27 PM - INFO - BasePage : Element
03/26/2023 01:58:27 PM - INFO - BasePage : Element
03/26/2023 01:59:33 PM - INFO - BasePage : Element
03/26/2023 01:59:33 PM - INFO - BasePage : Element
03/26/2023 01:59:33 PM - INFO - BasePage : Element
03/26/2023 01:59:34 PM - INFO - BasePage : Element
03/26/2023 01:59:34 PM - INFO - BasePage : Element
03/26/2023 01:59:34 PM - INFO - BasePage : Element
03/26/2023 01:59:34 PM - INFO - BasePage : Element
03/26/2023 01:59:34 PM - INFO - BasePage : Element
03/26/2023 01:59:34 PM - INFO - BasePage : Element
03/26/2023 01:59:34 PM - INFO - BasePage : Element
03/26/2023 01:59:35 PM - INFO - BasePage : Element
03/26/2023 01:59:35 PM - INFO - BasePage : Element
03/26/2023 01:59:35 PM - INFO - BasePage : Element
03/26/2023 01:59:35 PM - INFO - BasePage : Element
03/26/2023 01:59:35 PM - INFO - BasePage : Element
03/26/2023 01:59:35 PM - INFO - BasePage : Element
03/26/2023 01:59:35 PM - INFO - BasePage : Element
03/26/2023 01:59:35 PM - INFO - BasePage : Element
03/26/2023 01:59:35 PM - INFO - BasePage : Element
03/26/2023 01:59:35 PM - INFO - BasePage : Element
03/26/2023 01:59:35 PM - INFO - BasePage : Element
03/26/2023 01:59:36 PM - INFO - BasePage : Element
03/26/2023 01:59:36 PM - INFO - BasePage : Element
03/26/2023 01:59:36 PM - INFO - BasePage : Element
03/26/2023 01:59:36 PM - INFO - BasePage : Element
03/26/2023 02:25:03 PM - INFO - BasePage : Element
03/26/2023 02:25:03 PM - INFO - BasePage : Element
03/26/2023 02:25:03 PM - INFO - BasePage : Element
03/26/2023 02:25:03 PM - INFO - BasePage : Element
03/26/2023 02:25:03 PM - INFO - BasePage : Element
03/26/2023 02:25:04 PM - INFO - BasePage : Element
03/26/2023 02:25:04 PM - INFO - BasePage : Element
03/26/2023 02:25:04 PM - INFO - BasePage : Element
03/26/2023 02:25:04 PM - INFO - BasePage : Element
03/26/2023 02:25:05 PM - INFO - BasePage : Element
03/26/2023 02:25:05 PM - INFO - BasePage : Element
03/26/2023 02:25:05 PM - INFO - BasePage : Element
03/26/2023 02:25:05 PM - INFO - BasePage : Element
03/26/2023 02:25:05 PM - INFO - BasePage : Element
03/26/2023 02:25:05 PM - INFO - BasePage : Element
03/26/2023 02:25:05 PM - INFO - BasePage : Element
03/26/2023 02:25:05 PM - INFO - BasePage : Element
03/26/2023 02:25:05 PM - INFO - BasePage : Element
03/26/2023 02:25:05 PM - INFO - BasePage : Element
03/26/2023 02:25:05 PM - INFO - BasePage : Element
03/26/2023 02:25:05 PM - INFO - BasePage : Element
03/26/2023 02:25:06 PM - INFO - BasePage : Element
03/26/2023 02:25:06 PM - INFO - BasePage : Element
03/26/2023 02:25:06 PM - INFO - BasePage : Element
03/26/2023 02:25:06 PM - INFO - BasePage : Element
03/26/2023 02:28:03 PM - INFO - BasePage : Element
03/26/2023 02:28:03 PM - INFO - BasePage : Element
03/26/2023 02:28:03 PM - INFO - BasePage : Element
03/26/2023 02:28:03 PM - INFO - BasePage : Element
03/26/2023 02:28:04 PM - INFO - BasePage : Element
03/26/2023 02:28:04 PM - INFO - BasePage : Element
03/26/2023 02:28:04 PM - INFO - BasePage : Element
03/26/2023 02:28:04 PM - INFO - BasePage : Element
03/26/2023 02:28:04 PM - INFO - BasePage : Element
03/26/2023 02:28:04 PM - INFO - BasePage : Element
03/26/2023 02:28:05 PM - INFO - BasePage : Element
03/26/2023 02:28:05 PM - INFO - BasePage : Element
03/26/2023 02:28:05 PM - INFO - BasePage : Element
03/26/2023 02:28:05 PM - INFO - BasePage : Element
03/26/2023 02:28:05 PM - INFO - BasePage : Element
03/26/2023 02:28:05 PM - INFO - BasePage : Element
03/26/2023 02:28:05 PM - INFO - BasePage : Element
03/26/2023 02:28:05 PM - INFO - BasePage : Element
03/26/2023 02:28:05 PM - INFO - BasePage : Element
03/26/2023 02:28:05 PM - INFO - BasePage : Element
03/26/2023 02:28:05 PM - INFO - BasePage : Element
03/26/2023 02:28:05 PM - INFO - BasePage : Element
03/26/2023 02:28:05 PM - INFO - BasePage : Element
03/26/2023 02:28:05 PM - INFO - BasePage : Element
03/26/2023 02:28:05 PM - INFO - BasePage : Element
03/26/2023 02:30:13 PM - INFO - BasePage : Element
03/26/2023 02:30:13 PM - INFO - BasePage : Element
03/26/2023 02:30:13 PM - INFO - BasePage : Element
03/26/2023 02:30:13 PM - INFO - BasePage : Element
03/26/2023 02:30:13 PM - INFO - BasePage : Element
03/26/2023 02:30:13 PM - INFO - BasePage : Element
03/26/2023 02:30:13 PM - INFO - BasePage : Element
03/26/2023 02:30:13 PM - INFO - BasePage : Element
03/26/2023 02:30:13 PM - INFO - BasePage : Element
03/26/2023 02:30:14 PM - INFO - BasePage : Element
03/26/2023 02:30:14 PM - INFO - BasePage : Element
03/26/2023 02:30:14 PM - INFO - BasePage : Element
03/26/2023 02:30:14 PM - INFO - BasePage : Element
03/26/2023 02:30:14 PM - INFO - BasePage : Element
03/26/2023 02:30:14 PM - INFO - BasePage : Element
03/26/2023 02:30:14 PM - INFO - BasePage : Element
03/26/2023 02:30:14 PM - INFO - BasePage : Element
03/26/2023 02:30:14 PM - INFO - BasePage : Element
03/26/2023 02:30:14 PM - INFO - BasePage : Element
03/26/2023 02:30:15 PM - INFO - BasePage : Element
03/26/2023 02:30:15 PM - INFO - BasePage : Element
03/26/2023 02:30:15 PM - INFO - BasePage : Element
03/26/2023 02:30:15 PM - INFO - BasePage : Element
03/26/2023 02:30:15 PM - INFO - BasePage : Element
03/26/2023 02:30:15 PM - INFO - BasePage : Element
03/26/2023 02:39:11 PM - INFO - BasePage : Element
03/26/2023 02:39:11 PM - INFO - BasePage : Element
03/26/2023 02:39:12 PM - INFO - BasePage : Element
03/26/2023 02:39:12 PM - INFO - BasePage : Element
03/26/2023 02:39:12 PM - INFO - BasePage : Element
03/26/2023 02:39:12 PM - INFO - BasePage : Element
03/26/2023 02:39:12 PM - INFO - BasePage : Element
03/26/2023 02:39:12 PM - INFO - BasePage : Element
03/26/2023 02:39:12 PM - INFO - BasePage : Element
03/26/2023 02:39:12 PM - INFO - BasePage : Element
03/26/2023 02:39:12 PM - INFO - BasePage : Element
03/26/2023 02:39:13 PM - INFO - BasePage : Element
03/26/2023 02:39:13 PM - INFO - BasePage : Element
03/26/2023 02:39:13 PM - INFO - BasePage : Element
03/26/2023 02:39:13 PM - INFO - BasePage : Element
03/26/2023 02:39:13 PM - INFO - BasePage : Element
03/26/2023 02:39:13 PM - INFO - BasePage : Element
03/26/2023 02:39:13 PM - INFO - BasePage : Element
03/26/2023 02:39:13 PM - INFO - BasePage : Element
03/26/2023 02:39:13 PM - INFO - BasePage : Element
03/26/2023 02:39:13 PM - INFO - BasePage : Element
03/26/2023 02:39:13 PM - INFO - BasePage : Element
03/26/2023 02:39:13 PM - INFO - BasePage : Element
03/26/2023 02:39:13 PM - INFO - BasePage : Element
03/26/2023 02:39:13 PM - INFO - BasePage : Element
03/26/2023 02:40:36 PM - INFO - BasePage : Element
03/26/2023 02:40:37 PM - INFO - BasePage : Element
03/26/2023 02:40:37 PM - INFO - BasePage : Element
03/26/2023 02:40:37 PM - INFO - BasePage : Element
03/26/2023 02:40:37 PM - INFO - BasePage : Element
03/26/2023 02:40:37 PM - INFO - BasePage : Element
03/26/2023 02:40:37 PM - INFO - BasePage : Element
03/26/2023 02:40:37 PM - INFO - BasePage : Element
03/26/2023 02:40:37 PM - INFO - BasePage : Element
03/26/2023 02:40:38 PM - INFO - BasePage : Element
03/26/2023 02:40:38 PM - INFO - BasePage : Element
03/26/2023 02:40:38 PM - INFO - BasePage : Element
03/26/2023 02:40:38 PM - INFO - BasePage : Element
03/26/2023 02:40:38 PM - INFO - BasePage : Element
03/26/2023 02:40:38 PM - INFO - BasePage : Element
03/26/2023 02:40:38 PM - INFO - BasePage : Element
03/26/2023 02:40:38 PM - INFO - BasePage : Element
03/26/2023 02:40:38 PM - INFO - BasePage : Element
03/26/2023 02:40:38 PM - INFO - BasePage : Element
03/26/2023 02:40:38 PM - INFO - BasePage : Element
03/26/2023 02:40:38 PM - INFO - BasePage : Element
03/26/2023 02:40:39 PM - INFO - BasePage : Element
03/26/2023 02:40:39 PM - INFO - BasePage : Element
03/26/2023 02:40:39 PM - INFO - BasePage : Element
03/26/2023 02:40:39 PM - INFO - BasePage : Element
03/26/2023 02:41:44 PM - INFO - BasePage : Element
03/26/2023 02:41:44 PM - INFO - BasePage : Element
03/26/2023 02:41:44 PM - INFO - BasePage : Element
03/26/2023 02:41:44 PM - INFO - BasePage : Element
03/26/2023 02:41:44 PM - INFO - BasePage : Element
03/26/2023 02:41:44 PM - INFO - BasePage : Element
03/26/2023 02:41:44 PM - INFO - BasePage : Element
03/26/2023 02:41:44 PM - INFO - BasePage : Element
03/26/2023 02:41:44 PM - INFO - BasePage : Element
03/26/2023 02:41:45 PM - INFO - BasePage : Element
03/26/2023 02:41:45 PM - INFO - BasePage : Element
03/26/2023 02:41:45 PM - INFO - BasePage : Element
03/26/2023 02:41:45 PM - INFO - BasePage : Element
03/26/2023 02:41:45 PM - INFO - BasePage : Element
03/26/2023 02:41:45 PM - INFO - BasePage : Element
03/26/2023 02:41:45 PM - INFO - BasePage : Element
03/26/2023 02:41:45 PM - INFO - BasePage : Element
03/26/2023 02:41:45 PM - INFO - BasePage : Element
03/26/2023 02:41:46 PM - INFO - BasePage : Element
03/26/2023 02:41:46 PM - INFO - BasePage : Element
03/26/2023 02:41:46 PM - INFO - BasePage : Element
03/26/2023 02:41:46 PM - INFO - BasePage : Element
03/26/2023 02:41:46 PM - INFO - BasePage : Element
03/26/2023 02:41:46 PM - INFO - BasePage : Element
03/26/2023 02:41:46 PM - INFO - BasePage : Element
03/26/2023 02:42:50 PM - INFO - BasePage : Element
03/26/2023 02:42:50 PM - INFO - BasePage : Element
03/26/2023 02:42:50 PM - INFO - BasePage : Element
03/26/2023 02:42:50 PM - INFO - BasePage : Element
03/26/2023 02:42:51 PM - INFO - BasePage : Element
03/26/2023 02:42:51 PM - INFO - BasePage : Element
03/26/2023 02:42:51 PM - INFO - BasePage : Element
03/26/2023 02:42:51 PM - INFO - BasePage : Element
03/26/2023 02:42:51 PM - INFO - BasePage : Element
03/26/2023 02:42:51 PM - INFO - BasePage : Element
03/26/2023 02:42:51 PM - INFO - BasePage : Element
03/26/2023 02:42:51 PM - INFO - BasePage : Element
03/26/2023 02:42:51 PM - INFO - BasePage : Element
03/26/2023 02:42:52 PM - INFO - BasePage : Element
03/26/2023 02:42:52 PM - INFO - BasePage : Element
03/26/2023 02:42:52 PM - INFO - BasePage : Element
03/26/2023 02:42:52 PM - INFO - BasePage : Element
03/26/2023 02:42:52 PM - INFO - BasePage : Element
03/26/2023 02:42:52 PM - INFO - BasePage : Element
03/26/2023 02:42:52 PM - INFO - BasePage : Element
03/26/2023 02:42:52 PM - INFO - BasePage : Element
03/26/2023 02:42:52 PM - INFO - BasePage : Element
03/26/2023 02:42:52 PM - INFO - BasePage : Element
03/26/2023 02:42:52 PM - INFO - BasePage : Element
03/26/2023 02:42:52 PM - INFO - BasePage : Element
